[473.371] INFO: Config: nRF52840_UniformCNN_ECG5000 v2.0 — 3 layers, dataset=ECG5000, lr=0.0100
[473.371] INFO: === PiLot Centralized ===
[473.371] INFO: Config : ../../PiLot/configs/model_config_ecg5000.json
[473.371] INFO: Dataset: ECG5000,  Epochs: 20,  LR: 0.0100
[473.428] INFO: Loaded /mnt/d/New folder/UCR_DATASETS/ECG5000/ECG5000_TRAIN: 500 samples, 5 classes, length=140
[473.921] INFO: Loaded /mnt/d/New folder/UCR_DATASETS/ECG5000/ECG5000_TEST: 4500 samples, 5 classes, length=140
[473.926] INFO: Train: 500 samples,  Test: 4500 samples,  Classes: 5
[473.926] INFO: Conv1D 1→32  k=5 s=1 p=2  (0.6KB)
[473.926] INFO: Conv1D 32→48  k=5 s=2 p=2  (30.0KB)
[473.926] INFO: Built 2 conv layers
[473.926] INFO: FC 96 → 5  (1.9KB)
[489.640] INFO: Epoch   1 | Train Acc 80.60% | Test Acc 89.36% (4021/4500) | Loss 0.5091 | LR 0.003340 | Infer 2.480ms | 15.7s
[489.640] INFO:   ** New best: 89.36% at epoch 1
[505.246] INFO: Epoch   2 | Train Acc 82.60% | Test Acc 90.69% (4081/4500) | Loss 0.3927 | LR 0.006670 | Infer 2.459ms | 31.3s
[505.246] INFO:   ** New best: 90.69% at epoch 2
[520.950] INFO: Epoch   3 | Train Acc 84.60% | Test Acc 90.80% (4086/4500) | Loss 0.4126 | LR 0.010000 | Infer 2.488ms | 47.0s
[520.950] INFO:   ** New best: 90.80% at epoch 3
[536.618] INFO: Epoch   4 | Train Acc 85.40% | Test Acc 89.22% (4015/4500) | Loss 0.5432 | LR 0.009993 | Infer 2.472ms | 62.7s
[552.324] INFO: Epoch   5 | Train Acc 85.40% | Test Acc 91.33% (4110/4500) | Loss 0.4174 | LR 0.009973 | Infer 2.478ms | 78.4s
[552.324] INFO:   ** New best: 91.33% at epoch 5
[568.015] INFO: Epoch   6 | Train Acc 86.00% | Test Acc 91.44% (4115/4500) | Loss 0.4775 | LR 0.009939 | Infer 2.478ms | 94.1s
[568.015] INFO:   ** New best: 91.44% at epoch 6
[583.305] INFO: Epoch   7 | Train Acc 88.80% | Test Acc 91.24% (4106/4500) | Loss 0.4239 | LR 0.009891 | Infer 2.384ms | 109.4s
[598.295] INFO: Epoch   8 | Train Acc 89.00% | Test Acc 92.04% (4142/4500) | Loss 0.4070 | LR 0.009830 | Infer 2.369ms | 124.4s
[598.296] INFO:   ** New best: 92.04% at epoch 8
[613.056] INFO: Epoch   9 | Train Acc 87.40% | Test Acc 91.58% (4121/4500) | Loss 0.4318 | LR 0.009756 | Infer 2.326ms | 139.1s
[627.734] INFO: Epoch  10 | Train Acc 88.00% | Test Acc 91.76% (4129/4500) | Loss 0.4076 | LR 0.009668 | Infer 2.312ms | 153.8s
[642.357] INFO: Epoch  11 | Train Acc 88.20% | Test Acc 91.71% (4127/4500) | Loss 0.4033 | LR 0.009568 | Infer 2.305ms | 168.4s
[656.791] INFO: Epoch  12 | Train Acc 87.20% | Test Acc 91.69% (4126/4500) | Loss 0.4204 | LR 0.009456 | Infer 2.260ms | 182.9s
[671.075] INFO: Epoch  13 | Train Acc 89.20% | Test Acc 91.82% (4132/4500) | Loss 0.4171 | LR 0.009331 | Infer 2.260ms | 197.1s
[685.631] INFO: Epoch  14 | Train Acc 88.00% | Test Acc 92.09% (4144/4500) | Loss 0.3804 | LR 0.009194 | Infer 2.284ms | 211.7s
[685.631] INFO:   ** New best: 92.09% at epoch 14
[700.141] INFO: Epoch  15 | Train Acc 90.20% | Test Acc 91.89% (4135/4500) | Loss 0.4072 | LR 0.009046 | Infer 2.284ms | 226.2s
[714.669] INFO: Epoch  16 | Train Acc 90.00% | Test Acc 91.56% (4120/4500) | Loss 0.4549 | LR 0.008887 | Infer 2.288ms | 240.7s
[729.183] INFO: Epoch  17 | Train Acc 88.40% | Test Acc 92.09% (4144/4500) | Loss 0.4108 | LR 0.008717 | Infer 2.285ms | 255.3s
[743.713] INFO: Epoch  18 | Train Acc 89.00% | Test Acc 91.42% (4114/4500) | Loss 0.4796 | LR 0.008537 | Infer 2.292ms | 269.8s
[758.185] INFO: Epoch  19 | Train Acc 89.20% | Test Acc 92.27% (4152/4500) | Loss 0.3830 | LR 0.008347 | Infer 2.278ms | 284.3s
[758.185] INFO:   ** New best: 92.27% at epoch 19
[772.709] INFO: Epoch  20 | Train Acc 89.80% | Test Acc 92.00% (4140/4500) | Loss 0.3919 | LR 0.008148 | Infer 2.288ms | 298.8s
[772.709] INFO: === Training complete ===
[772.709] INFO: Best test accuracy: 92.27% at epoch 19
